Analysis & Synthesis report for registrador_32bits
Wed Sep 11 21:28:48 2024
Quartus II 64-Bit Version 13.1.0 Build 162 10/23/2013 SJ Web Edition


---------------------
; Table of Contents ;
---------------------
  1. Legal Notice
  2. Analysis & Synthesis Summary
  3. Analysis & Synthesis Settings
  4. Parallel Compilation
  5. Analysis & Synthesis Source Files Read
  6. Analysis & Synthesis Resource Usage Summary
  7. Analysis & Synthesis Resource Utilization by Entity
  8. General Register Statistics
  9. Elapsed Time Per Partition
 10. Analysis & Synthesis Messages



----------------
; Legal Notice ;
----------------
Copyright (C) 1991-2013 Altera Corporation
Your use of Altera Corporation's design tools, logic functions 
and other software and tools, and its AMPP partner logic 
functions, and any output files from any of the foregoing 
(including device programming or simulation files), and any 
associated documentation or information are expressly subject 
to the terms and conditions of the Altera Program License 
Subscription Agreement, Altera MegaCore Function License 
Agreement, or other applicable license agreement, including, 
without limitation, that your use is for the sole purpose of 
programming logic devices manufactured by Altera and sold by 
Altera or its authorized distributors.  Please refer to the 
applicable agreement for further details.



+---------------------------------------------------------------------------------+
; Analysis & Synthesis Summary                                                    ;
+------------------------------------+--------------------------------------------+
; Analysis & Synthesis Status        ; Successful - Wed Sep 11 21:28:48 2024      ;
; Quartus II 64-Bit Version          ; 13.1.0 Build 162 10/23/2013 SJ Web Edition ;
; Revision Name                      ; registrador_32bits                         ;
; Top-level Entity Name              ; registrador_32bits                         ;
; Family                             ; Cyclone III                                ;
; Total logic elements               ; 66                                         ;
;     Total combinational functions  ; 66                                         ;
;     Dedicated logic registers      ; 32                                         ;
; Total registers                    ; 32                                         ;
; Total pins                         ; 36                                         ;
; Total virtual pins                 ; 0                                          ;
; Total memory bits                  ; 0                                          ;
; Embedded Multiplier 9-bit elements ; 0                                          ;
; Total PLLs                         ; 0                                          ;
+------------------------------------+--------------------------------------------+


+----------------------------------------------------------------------------------------------------------------------+
; Analysis & Synthesis Settings                                                                                        ;
+----------------------------------------------------------------------------+--------------------+--------------------+
; Option                                                                     ; Setting            ; Default Value      ;
+----------------------------------------------------------------------------+--------------------+--------------------+
; Top-level entity name                                                      ; registrador_32bits ; registrador_32bits ;
; Family name                                                                ; Cyclone III        ; Cyclone IV GX      ;
; Use smart compilation                                                      ; Off                ; Off                ;
; Enable parallel Assembler and TimeQuest Timing Analyzer during compilation ; On                 ; On                 ;
; Enable compact report table                                                ; Off                ; Off                ;
; Restructure Multiplexers                                                   ; Auto               ; Auto               ;
; Create Debugging Nodes for IP Cores                                        ; Off                ; Off                ;
; Preserve fewer node names                                                  ; On                 ; On                 ;
; Disable OpenCore Plus hardware evaluation                                  ; Off                ; Off                ;
; Verilog Version                                                            ; Verilog_2001       ; Verilog_2001       ;
; VHDL Version                                                               ; VHDL_1993          ; VHDL_1993          ;
; State Machine Processing                                                   ; Auto               ; Auto               ;
; Safe State Machine                                                         ; Off                ; Off                ;
; Extract Verilog State Machines                                             ; On                 ; On                 ;
; Extract VHDL State Machines                                                ; On                 ; On                 ;
; Ignore Verilog initial constructs                                          ; Off                ; Off                ;
; Iteration limit for constant Verilog loops                                 ; 5000               ; 5000               ;
; Iteration limit for non-constant Verilog loops                             ; 250                ; 250                ;
; Add Pass-Through Logic to Inferred RAMs                                    ; On                 ; On                 ;
; Infer RAMs from Raw Logic                                                  ; On                 ; On                 ;
; Parallel Synthesis                                                         ; On                 ; On                 ;
; DSP Block Balancing                                                        ; Auto               ; Auto               ;
; NOT Gate Push-Back                                                         ; On                 ; On                 ;
; Power-Up Don't Care                                                        ; On                 ; On                 ;
; Remove Redundant Logic Cells                                               ; Off                ; Off                ;
; Remove Duplicate Registers                                                 ; On                 ; On                 ;
; Ignore CARRY Buffers                                                       ; Off                ; Off                ;
; Ignore CASCADE Buffers                                                     ; Off                ; Off                ;
; Ignore GLOBAL Buffers                                                      ; Off                ; Off                ;
; Ignore ROW GLOBAL Buffers                                                  ; Off                ; Off                ;
; Ignore LCELL Buffers                                                       ; Off                ; Off                ;
; Ignore SOFT Buffers                                                        ; On                 ; On                 ;
; Limit AHDL Integers to 32 Bits                                             ; Off                ; Off                ;
; Optimization Technique                                                     ; Balanced           ; Balanced           ;
; Carry Chain Length                                                         ; 70                 ; 70                 ;
; Auto Carry Chains                                                          ; On                 ; On                 ;
; Auto Open-Drain Pins                                                       ; On                 ; On                 ;
; Perform WYSIWYG Primitive Resynthesis                                      ; Off                ; Off                ;
; Auto ROM Replacement                                                       ; On                 ; On                 ;
; Auto RAM Replacement                                                       ; On                 ; On                 ;
; Auto DSP Block Replacement                                                 ; On                 ; On                 ;
; Auto Shift Register Replacement                                            ; Auto               ; Auto               ;
; Allow Shift Register Merging across Hierarchies                            ; Auto               ; Auto               ;
; Auto Clock Enable Replacement                                              ; On                 ; On                 ;
; Strict RAM Replacement                                                     ; Off                ; Off                ;
; Allow Synchronous Control Signals                                          ; On                 ; On                 ;
; Force Use of Synchronous Clear Signals                                     ; Off                ; Off                ;
; Auto RAM Block Balancing                                                   ; On                 ; On                 ;
; Auto RAM to Logic Cell Conversion                                          ; Off                ; Off                ;
; Auto Resource Sharing                                                      ; Off                ; Off                ;
; Allow Any RAM Size For Recognition                                         ; Off                ; Off                ;
; Allow Any ROM Size For Recognition                                         ; Off                ; Off                ;
; Allow Any Shift Register Size For Recognition                              ; Off                ; Off                ;
; Use LogicLock Constraints during Resource Balancing                        ; On                 ; On                 ;
; Ignore translate_off and synthesis_off directives                          ; Off                ; Off                ;
; Timing-Driven Synthesis                                                    ; On                 ; On                 ;
; Report Parameter Settings                                                  ; On                 ; On                 ;
; Report Source Assignments                                                  ; On                 ; On                 ;
; Report Connectivity Checks                                                 ; On                 ; On                 ;
; Ignore Maximum Fan-Out Assignments                                         ; Off                ; Off                ;
; Synchronization Register Chain Length                                      ; 2                  ; 2                  ;
; PowerPlay Power Optimization                                               ; Normal compilation ; Normal compilation ;
; HDL message level                                                          ; Level2             ; Level2             ;
; Suppress Register Optimization Related Messages                            ; Off                ; Off                ;
; Number of Removed Registers Reported in Synthesis Report                   ; 5000               ; 5000               ;
; Number of Swept Nodes Reported in Synthesis Report                         ; 5000               ; 5000               ;
; Number of Inverted Registers Reported in Synthesis Report                  ; 100                ; 100                ;
; Clock MUX Protection                                                       ; On                 ; On                 ;
; Auto Gated Clock Conversion                                                ; Off                ; Off                ;
; Block Design Naming                                                        ; Auto               ; Auto               ;
; SDC constraint protection                                                  ; Off                ; Off                ;
; Synthesis Effort                                                           ; Auto               ; Auto               ;
; Shift Register Replacement - Allow Asynchronous Clear Signal               ; On                 ; On                 ;
; Pre-Mapping Resynthesis Optimization                                       ; Off                ; Off                ;
; Analysis & Synthesis Message Level                                         ; Medium             ; Medium             ;
; Disable Register Merging Across Hierarchies                                ; Auto               ; Auto               ;
; Resource Aware Inference For Block RAM                                     ; On                 ; On                 ;
; Synthesis Seed                                                             ; 1                  ; 1                  ;
+----------------------------------------------------------------------------+--------------------+--------------------+


+------------------------------------------+
; Parallel Compilation                     ;
+----------------------------+-------------+
; Processors                 ; Number      ;
+----------------------------+-------------+
; Number detected on machine ; 4           ;
; Maximum allowed            ; 4           ;
;                            ;             ;
; Average used               ; 1.00        ;
; Maximum used               ; 2           ;
;                            ;             ;
; Usage by Processor         ; % Time Used ;
;     Processor 1            ; 100.0%      ;
;     Processor 2            ; < 0.1%      ;
;     Processors 3-4         ;   0.0%      ;
+----------------------------+-------------+


+-----------------------------------------------------------------------------------------------------------------------------------------------------------------------------------------------------------------------------------------------------------+
; Analysis & Synthesis Source Files Read                                                                                                                                                                                                                    ;
+----------------------------------+-----------------+------------------------------------+-------------------------------------------------------------------------------------------------------------------------------------------------------+---------+
; File Name with User-Entered Path ; Used in Netlist ; File Type                          ; File Name with Absolute Path                                                                                                                          ; Library ;
+----------------------------------+-----------------+------------------------------------+-------------------------------------------------------------------------------------------------------------------------------------------------------+---------+
; registrador_32bits.bdf           ; yes             ; User Block Diagram/Schematic File  ; G:/Outros computadores/Meu laptop/CEFET/2° Semestre/Arquitetura e Organização de Computadores/Quartus/MIC-1/registrador_32bits/registrador_32bits.bdf ;         ;
+----------------------------------+-----------------+------------------------------------+-------------------------------------------------------------------------------------------------------------------------------------------------------+---------+


+------------------------------------------------------+
; Analysis & Synthesis Resource Usage Summary          ;
+---------------------------------------------+--------+
; Resource                                    ; Usage  ;
+---------------------------------------------+--------+
; Estimated Total logic elements              ; 66     ;
;                                             ;        ;
; Total combinational functions               ; 66     ;
; Logic element usage by number of LUT inputs ;        ;
;     -- 4 input functions                    ; 32     ;
;     -- 3 input functions                    ; 1      ;
;     -- <=2 input functions                  ; 33     ;
;                                             ;        ;
; Logic elements by mode                      ;        ;
;     -- normal mode                          ; 66     ;
;     -- arithmetic mode                      ; 0      ;
;                                             ;        ;
; Total registers                             ; 32     ;
;     -- Dedicated logic registers            ; 32     ;
;     -- I/O registers                        ; 0      ;
;                                             ;        ;
; I/O pins                                    ; 36     ;
; Embedded Multiplier 9-bit elements          ; 0      ;
; Maximum fan-out node                        ; inst~1 ;
; Maximum fan-out                             ; 65     ;
; Total fan-out                               ; 361    ;
; Average fan-out                             ; 2.12   ;
+---------------------------------------------+--------+


+-----------------------------------------------------------------------------------------------------------------------------------------------------------------------------+
; Analysis & Synthesis Resource Utilization by Entity                                                                                                                         ;
+----------------------------+-------------------+--------------+-------------+--------------+---------+-----------+------+--------------+---------------------+--------------+
; Compilation Hierarchy Node ; LC Combinationals ; LC Registers ; Memory Bits ; DSP Elements ; DSP 9x9 ; DSP 18x18 ; Pins ; Virtual Pins ; Full Hierarchy Name ; Library Name ;
+----------------------------+-------------------+--------------+-------------+--------------+---------+-----------+------+--------------+---------------------+--------------+
; |registrador_32bits        ; 66 (66)           ; 32 (32)      ; 0           ; 0            ; 0       ; 0         ; 36   ; 0            ; |registrador_32bits ; work         ;
+----------------------------+-------------------+--------------+-------------+--------------+---------+-----------+------+--------------+---------------------+--------------+
Note: For table entries with two numbers listed, the numbers in parentheses indicate the number of resources of the given type used by the specific entity alone. The numbers listed outside of parentheses indicate the total resources of the given type used by the specific entity and all of its sub-entities in the hierarchy.


+------------------------------------------------------+
; General Register Statistics                          ;
+----------------------------------------------+-------+
; Statistic                                    ; Value ;
+----------------------------------------------+-------+
; Total registers                              ; 32    ;
; Number of registers using Synchronous Clear  ; 0     ;
; Number of registers using Synchronous Load   ; 0     ;
; Number of registers using Asynchronous Clear ; 32    ;
; Number of registers using Asynchronous Load  ; 0     ;
; Number of registers using Clock Enable       ; 0     ;
; Number of registers using Preset             ; 0     ;
+----------------------------------------------+-------+


+-------------------------------+
; Elapsed Time Per Partition    ;
+----------------+--------------+
; Partition Name ; Elapsed Time ;
+----------------+--------------+
; Top            ; 00:00:00     ;
+----------------+--------------+


+-------------------------------+
; Analysis & Synthesis Messages ;
+-------------------------------+
Info: *******************************************************************
Info: Running Quartus II 64-Bit Analysis & Synthesis
    Info: Version 13.1.0 Build 162 10/23/2013 SJ Web Edition
    Info: Processing started: Wed Sep 11 21:28:42 2024
Info: Command: quartus_map --read_settings_files=on --write_settings_files=off registrador_32bits -c registrador_32bits
Info (20030): Parallel compilation is enabled and will use 4 of the 4 processors detected
Info (12021): Found 1 design units, including 1 entities, in source file registrador_32bits.bdf
    Info (12023): Found entity 1: registrador_32bits
Info (12127): Elaborating entity "registrador_32bits" for the top level hierarchy
Warning (13004): Presettable and clearable registers converted to equivalent circuits with latches. Registers power-up to an undefined state, and DEVCLRn places the registers in an undefined state.
    Warning (13310): Register "inst" is converted into an equivalent circuit using register "inst~_emulated" and latch "inst~1"
    Warning (13310): Register "inst1" is converted into an equivalent circuit using register "inst1~_emulated" and latch "inst~1"
    Warning (13310): Register "inst2" is converted into an equivalent circuit using register "inst2~_emulated" and latch "inst~1"
    Warning (13310): Register "inst3" is converted into an equivalent circuit using register "inst3~_emulated" and latch "inst~1"
    Warning (13310): Register "inst4" is converted into an equivalent circuit using register "inst4~_emulated" and latch "inst~1"
    Warning (13310): Register "inst5" is converted into an equivalent circuit using register "inst5~_emulated" and latch "inst~1"
    Warning (13310): Register "inst6" is converted into an equivalent circuit using register "inst6~_emulated" and latch "inst~1"
    Warning (13310): Register "inst7" is converted into an equivalent circuit using register "inst7~_emulated" and latch "inst~1"
    Warning (13310): Register "inst16" is converted into an equivalent circuit using register "inst16~_emulated" and latch "inst~1"
    Warning (13310): Register "inst17" is converted into an equivalent circuit using register "inst17~_emulated" and latch "inst~1"
    Warning (13310): Register "inst18" is converted into an equivalent circuit using register "inst18~_emulated" and latch "inst~1"
    Warning (13310): Register "inst19" is converted into an equivalent circuit using register "inst19~_emulated" and latch "inst~1"
    Warning (13310): Register "inst20" is converted into an equivalent circuit using register "inst20~_emulated" and latch "inst~1"
    Warning (13310): Register "inst21" is converted into an equivalent circuit using register "inst21~_emulated" and latch "inst~1"
    Warning (13310): Register "inst22" is converted into an equivalent circuit using register "inst22~_emulated" and latch "inst~1"
    Warning (13310): Register "inst23" is converted into an equivalent circuit using register "inst23~_emulated" and latch "inst~1"
    Warning (13310): Register "inst31" is converted into an equivalent circuit using register "inst31~_emulated" and latch "inst~1"
    Warning (13310): Register "inst8" is converted into an equivalent circuit using register "inst8~_emulated" and latch "inst~1"
    Warning (13310): Register "inst9" is converted into an equivalent circuit using register "inst9~_emulated" and latch "inst~1"
    Warning (13310): Register "inst10" is converted into an equivalent circuit using register "inst10~_emulated" and latch "inst~1"
    Warning (13310): Register "inst11" is converted into an equivalent circuit using register "inst11~_emulated" and latch "inst~1"
    Warning (13310): Register "inst12" is converted into an equivalent circuit using register "inst12~_emulated" and latch "inst~1"
    Warning (13310): Register "inst13" is converted into an equivalent circuit using register "inst13~_emulated" and latch "inst~1"
    Warning (13310): Register "inst14" is converted into an equivalent circuit using register "inst14~_emulated" and latch "inst~1"
    Warning (13310): Register "inst15" is converted into an equivalent circuit using register "inst15~_emulated" and latch "inst~1"
    Warning (13310): Register "inst24" is converted into an equivalent circuit using register "inst24~_emulated" and latch "inst~1"
    Warning (13310): Register "inst25" is converted into an equivalent circuit using register "inst25~_emulated" and latch "inst~1"
    Warning (13310): Register "inst26" is converted into an equivalent circuit using register "inst26~_emulated" and latch "inst~1"
    Warning (13310): Register "inst27" is converted into an equivalent circuit using register "inst27~_emulated" and latch "inst~1"
    Warning (13310): Register "inst28" is converted into an equivalent circuit using register "inst28~_emulated" and latch "inst~1"
    Warning (13310): Register "inst29" is converted into an equivalent circuit using register "inst29~_emulated" and latch "inst~1"
    Warning (13310): Register "inst30" is converted into an equivalent circuit using register "inst30~_emulated" and latch "inst~1"
Info (286030): Timing-Driven Synthesis is running
Info (16010): Generating hard_block partition "hard_block:auto_generated_inst"
    Info (16011): Adding 0 node(s), including 0 DDIO, 0 PLL, 0 transceiver and 0 LCELL
Info (21057): Implemented 102 device resources after synthesis - the final resource count might be different
    Info (21058): Implemented 4 input pins
    Info (21059): Implemented 32 output pins
    Info (21061): Implemented 66 logic cells
Info: Quartus II 64-Bit Analysis & Synthesis was successful. 0 errors, 33 warnings
    Info: Peak virtual memory: 4639 megabytes
    Info: Processing ended: Wed Sep 11 21:28:49 2024
    Info: Elapsed time: 00:00:07
    Info: Total CPU time (on all processors): 00:00:02


